<?xml version="1.0" encoding="utf-8"?>
<Defs>
  <ApparelLayerDef>
    <defName>Kurin_Underwear</defName>
    <label>underwear</label>
    <drawOrder>-2</drawOrder>
  </ApparelLayerDef>
  <ApparelLayerDef>
    <defName>RBUnder</defName>
    <label>Underwear</label>
    <drawOrder>-5</drawOrder>
  </ApparelLayerDef>
  <ThingDef ParentName="ApparelMakeableBase">
    <defName>Apparel_BasicShirtOne</defName>
    <label>T-shirt 1</label>
    <description>A simple T-shirt.</description>
    <graphicData>
      <texPath>Things/Pawn/Humanlike/Apparel/ShirtBasic/ShirtBasic</texPath>
      <graphicClass>Graphic_Single</graphicClass>
    </graphicData>
    <costStuffCount>40</costStuffCount>
    <stuffCategories>
      <li>Fabric</li>
      <li>Leathery</li>
    </stuffCategories>
    <thingCategories>
      <li>Apparel</li>
    </thingCategories>
    <statBases>
      <MaxHitPoints>100</MaxHitPoints>
      <WorkToMake>1600</WorkToMake>
      <Mass>0.25</Mass>
      <StuffEffectMultiplierArmor>0.2</StuffEffectMultiplierArmor>
      <StuffEffectMultiplierInsulation_Cold>0.22</StuffEffectMultiplierInsulation_Cold>
      <StuffEffectMultiplierInsulation_Heat>0.10</StuffEffectMultiplierInsulation_Heat>
      <EquipDelay>1.5</EquipDelay>
    </statBases>
    <apparel>
      <bodyPartGroups>
        <li>Torso</li>
        <li>Shoulders</li>
      </bodyPartGroups>
      <wornGraphicPath>Things/Pawn/Humanlike/Apparel/ShirtBasic/ShirtBasic</wornGraphicPath>
      <layers>
        <li>Kurin_Underwear</li>
      </layers>
      <tags>
        <li>IndustrialBasic</li>
      </tags>
      <defaultOutfitTags>
        <li>Worker</li>
        <li>Soldier</li>
      </defaultOutfitTags>
    </apparel>
    <colorGenerator Class="ColorGenerator_StandardApparel" />
  </ThingDef>
  <ThingDef ParentName="ApparelMakeableBase">
    <defName>Apparel_BasicShirtTwo</defName>
    <label>T-shirt 2</label>
    <description>A simple T-shirt.</description>
    <graphicData>
      <texPath>Things/Pawn/Humanlike/Apparel/ShirtBasic/ShirtBasic</texPath>
      <graphicClass>Graphic_Single</graphicClass>
    </graphicData>
    <costStuffCount>40</costStuffCount>
    <stuffCategories>
      <li>Fabric</li>
      <li>Leathery</li>
    </stuffCategories>
    <thingCategories>
      <li>Apparel</li>
    </thingCategories>
    <statBases>
      <MaxHitPoints>100</MaxHitPoints>
      <WorkToMake>1600</WorkToMake>
      <Mass>0.25</Mass>
      <StuffEffectMultiplierArmor>0.2</StuffEffectMultiplierArmor>
      <StuffEffectMultiplierInsulation_Cold>0.22</StuffEffectMultiplierInsulation_Cold>
      <StuffEffectMultiplierInsulation_Heat>0.10</StuffEffectMultiplierInsulation_Heat>
      <EquipDelay>1.5</EquipDelay>
    </statBases>
    <apparel>
      <bodyPartGroups>
        <li>Torso</li>
        <li>Shoulders</li>
      </bodyPartGroups>
      <wornGraphicPath>Things/Pawn/Humanlike/Apparel/ShirtBasic/ShirtBasic</wornGraphicPath>
      <layers>
        <li>RBUnder</li>
      </layers>
      <tags>
        <li>IndustrialBasic</li>
      </tags>
      <defaultOutfitTags>
        <li>Worker</li>
        <li>Soldier</li>
      </defaultOutfitTags>
    </apparel>
    <colorGenerator Class="ColorGenerator_StandardApparel" />
  </ThingDef>
</Defs>